2025-04-23 11:37:21: 296A24C7-E762-41D2-8501-E656A0195A98 GET - /monitoring
2025-04-23 11:37:21: TINA4: Twig Paths - Array(    [0] => cache    [1] => src/templates    [2] => src/public    [3] => src/assets    [4] => src/templates/snippets)
2025-04-23 11:37:22: Validating token
2025-04-23 11:37:22: Getting token payload
2025-04-23 11:37:22: 296A24C7-E762-41D2-8501-E656A0195A98 Looking in routes for GET - /monitoring
2025-04-23 11:37:22: 296A24C7-E762-41D2-8501-E656A0195A98 Method match GET -> POST
2025-04-23 11:37:22: 296A24C7-E762-41D2-8501-E656A0195A98 Method match GET -> GET
2025-04-23 11:37:22: 296A24C7-E762-41D2-8501-E656A0195A98 Matching /monitoring/ -> /companies/landing/
2025-04-23 11:37:22: 296A24C7-E762-41D2-8501-E656A0195A98 Method match GET -> GET
2025-04-23 11:37:22: 296A24C7-E762-41D2-8501-E656A0195A98 Matching /monitoring/ -> /companies/form/
2025-04-23 11:37:22: 296A24C7-E762-41D2-8501-E656A0195A98 Method match GET -> POST
2025-04-23 11:37:22: 296A24C7-E762-41D2-8501-E656A0195A98 Method match GET -> GET
2025-04-23 11:37:22: 296A24C7-E762-41D2-8501-E656A0195A98 Matching /monitoring/ -> /companies/
2025-04-23 11:37:22: 296A24C7-E762-41D2-8501-E656A0195A98 Method match GET -> GET
2025-04-23 11:37:22: 296A24C7-E762-41D2-8501-E656A0195A98 Matching /monitoring/ -> /companies/{id}/
2025-04-23 11:37:22: 296A24C7-E762-41D2-8501-E656A0195A98 Method match GET -> POST
2025-04-23 11:37:22: 296A24C7-E762-41D2-8501-E656A0195A98 Method match GET -> DELETE
2025-04-23 11:37:22: 296A24C7-E762-41D2-8501-E656A0195A98 Method match GET -> GET
2025-04-23 11:37:22: 296A24C7-E762-41D2-8501-E656A0195A98 Matching /monitoring/ -> /create-site/
2025-04-23 11:37:22: 296A24C7-E762-41D2-8501-E656A0195A98 Method match GET -> POST
2025-04-23 11:37:22: 296A24C7-E762-41D2-8501-E656A0195A98 Method match GET -> GET
2025-04-23 11:37:22: 296A24C7-E762-41D2-8501-E656A0195A98 Matching /monitoring/ -> /create-user/
2025-04-23 11:37:22: 296A24C7-E762-41D2-8501-E656A0195A98 Method match GET -> POST
2025-04-23 11:37:22: 296A24C7-E762-41D2-8501-E656A0195A98 Method match GET -> GET
2025-04-23 11:37:22: 296A24C7-E762-41D2-8501-E656A0195A98 Matching /monitoring/ -> /landing-page/
2025-04-23 11:37:22: 296A24C7-E762-41D2-8501-E656A0195A98 Method match GET -> GET
2025-04-23 11:37:22: 296A24C7-E762-41D2-8501-E656A0195A98 Matching /monitoring/ -> /login/
2025-04-23 11:37:22: 296A24C7-E762-41D2-8501-E656A0195A98 Method match GET -> POST
2025-04-23 11:37:22: 296A24C7-E762-41D2-8501-E656A0195A98 Method match GET -> GET
2025-04-23 11:37:22: 296A24C7-E762-41D2-8501-E656A0195A98 Matching /monitoring/ -> /logout/
2025-04-23 11:37:22: 296A24C7-E762-41D2-8501-E656A0195A98 Method match GET -> GET
2025-04-23 11:37:22: 296A24C7-E762-41D2-8501-E656A0195A98 Matching /monitoring/ -> /monitoredsites/landing/
2025-04-23 11:37:22: 296A24C7-E762-41D2-8501-E656A0195A98 Method match GET -> GET
2025-04-23 11:37:22: 296A24C7-E762-41D2-8501-E656A0195A98 Matching /monitoring/ -> /monitoredsites/form/
2025-04-23 11:37:22: 296A24C7-E762-41D2-8501-E656A0195A98 Method match GET -> POST
2025-04-23 11:37:22: 296A24C7-E762-41D2-8501-E656A0195A98 Method match GET -> GET
2025-04-23 11:37:22: 296A24C7-E762-41D2-8501-E656A0195A98 Matching /monitoring/ -> /monitoredsites/
2025-04-23 11:37:22: 296A24C7-E762-41D2-8501-E656A0195A98 Method match GET -> GET
2025-04-23 11:37:22: 296A24C7-E762-41D2-8501-E656A0195A98 Matching /monitoring/ -> /monitoredsites/{id}/
2025-04-23 11:37:22: 296A24C7-E762-41D2-8501-E656A0195A98 Method match GET -> POST
2025-04-23 11:37:22: 296A24C7-E762-41D2-8501-E656A0195A98 Method match GET -> DELETE
2025-04-23 11:37:22: 296A24C7-E762-41D2-8501-E656A0195A98 Method match GET -> GET
2025-04-23 11:37:22: 296A24C7-E762-41D2-8501-E656A0195A98 Matching /monitoring/ -> /monitoring/landing/
2025-04-23 11:37:22: 296A24C7-E762-41D2-8501-E656A0195A98 Method match GET -> GET
2025-04-23 11:37:22: 296A24C7-E762-41D2-8501-E656A0195A98 Matching /monitoring/ -> /monitoring/form/
2025-04-23 11:37:22: 296A24C7-E762-41D2-8501-E656A0195A98 Method match GET -> POST
2025-04-23 11:37:22: 296A24C7-E762-41D2-8501-E656A0195A98 Method match GET -> GET
2025-04-23 11:37:22: 296A24C7-E762-41D2-8501-E656A0195A98 Matching /monitoring/ -> /monitoring/
2025-04-23 11:37:22: 296A24C7-E762-41D2-8501-E656A0195A98 Matching /monitoring/ with /monitoring/
2025-04-23 11:37:22: 
2025-04-23 11:37:22: SQL:
select	*
from	monitoring t
order by t.monitoring_Id asc

2025-04-25 08:21:13: Project Root: /mnt/c/Users/Steven/Desktop/Monitoring/vendor/tina4stack/
2025-04-25 08:21:13: Document Root: /mnt/c/Users/Steven/Desktop/Monitoring/
2025-04-25 08:21:13: SubFolder: 
2025-04-25 08:21:14: Creating CSS file: default.css
2025-04-25 08:21:14: 160A98C9-FEC6-4FDB-A51E-55A8C87BE49C GET - /login
2025-04-25 08:21:14: TINA4: Twig Paths - Array(    [0] => cache    [1] => src/templates    [2] => src/public    [3] => src/assets    [4] => src/templates/snippets)
2025-04-25 08:21:14: 160A98C9-FEC6-4FDB-A51E-55A8C87BE49C Looking in routes for GET - /login
2025-04-25 08:21:14: 160A98C9-FEC6-4FDB-A51E-55A8C87BE49C Method match GET -> POST
2025-04-25 08:21:14: 160A98C9-FEC6-4FDB-A51E-55A8C87BE49C Method match GET -> GET
2025-04-25 08:21:14: 160A98C9-FEC6-4FDB-A51E-55A8C87BE49C Matching /login/ -> /companies/landing/
2025-04-25 08:21:14: 160A98C9-FEC6-4FDB-A51E-55A8C87BE49C Method match GET -> GET
2025-04-25 08:21:14: 160A98C9-FEC6-4FDB-A51E-55A8C87BE49C Matching /login/ -> /companies/form/
2025-04-25 08:21:14: 160A98C9-FEC6-4FDB-A51E-55A8C87BE49C Method match GET -> POST
2025-04-25 08:21:14: 160A98C9-FEC6-4FDB-A51E-55A8C87BE49C Method match GET -> GET
2025-04-25 08:21:14: 160A98C9-FEC6-4FDB-A51E-55A8C87BE49C Matching /login/ -> /companies/
2025-04-25 08:21:15: 160A98C9-FEC6-4FDB-A51E-55A8C87BE49C Method match GET -> GET
2025-04-25 08:21:15: 160A98C9-FEC6-4FDB-A51E-55A8C87BE49C Matching /login/ -> /companies/{id}/
2025-04-25 08:21:15: 160A98C9-FEC6-4FDB-A51E-55A8C87BE49C Method match GET -> POST
2025-04-25 08:21:15: 160A98C9-FEC6-4FDB-A51E-55A8C87BE49C Method match GET -> DELETE
2025-04-25 08:21:15: 160A98C9-FEC6-4FDB-A51E-55A8C87BE49C Method match GET -> GET
2025-04-25 08:21:15: 160A98C9-FEC6-4FDB-A51E-55A8C87BE49C Matching /login/ -> /create-site/
2025-04-25 08:21:15: 160A98C9-FEC6-4FDB-A51E-55A8C87BE49C Method match GET -> POST
2025-04-25 08:21:15: 160A98C9-FEC6-4FDB-A51E-55A8C87BE49C Method match GET -> GET
2025-04-25 08:21:15: 160A98C9-FEC6-4FDB-A51E-55A8C87BE49C Matching /login/ -> /create-user/
2025-04-25 08:21:15: 160A98C9-FEC6-4FDB-A51E-55A8C87BE49C Method match GET -> POST
2025-04-25 08:21:15: 160A98C9-FEC6-4FDB-A51E-55A8C87BE49C Method match GET -> GET
2025-04-25 08:21:15: 160A98C9-FEC6-4FDB-A51E-55A8C87BE49C Matching /login/ -> /landing-page/
2025-04-25 08:21:15: 160A98C9-FEC6-4FDB-A51E-55A8C87BE49C Method match GET -> GET
2025-04-25 08:21:15: 160A98C9-FEC6-4FDB-A51E-55A8C87BE49C Matching /login/ -> /login/
2025-04-25 08:21:15: 160A98C9-FEC6-4FDB-A51E-55A8C87BE49C Matching /login/ with /login/
2025-04-25 08:21:15: 
2025-04-25 08:25:22: Project Root: /mnt/c/Users/Steven/Desktop/Monitoring/vendor/tina4stack/
2025-04-25 08:25:22: Document Root: /mnt/c/Users/Steven/Desktop/Monitoring/
2025-04-25 08:25:22: SubFolder: 
2025-04-25 08:25:23: Creating CSS file: default.css
2025-04-25 08:25:23: 4D374BB0-EE61-4E12-89D9-4AF536CF138E GET - /landing-page
2025-04-25 08:25:23: TINA4: Twig Paths - Array(    [0] => cache    [1] => src/templates    [2] => src/public    [3] => src/assets    [4] => src/templates/snippets)
2025-04-25 08:25:23: 4D374BB0-EE61-4E12-89D9-4AF536CF138E Looking in routes for GET - /landing-page
2025-04-25 08:25:23: 4D374BB0-EE61-4E12-89D9-4AF536CF138E Method match GET -> POST
2025-04-25 08:25:23: 4D374BB0-EE61-4E12-89D9-4AF536CF138E Method match GET -> GET
2025-04-25 08:25:23: 4D374BB0-EE61-4E12-89D9-4AF536CF138E Matching /landing-page/ -> /companies/landing/
2025-04-25 08:25:23: 4D374BB0-EE61-4E12-89D9-4AF536CF138E Method match GET -> GET
2025-04-25 08:25:23: 4D374BB0-EE61-4E12-89D9-4AF536CF138E Matching /landing-page/ -> /companies/form/
2025-04-25 08:25:23: 4D374BB0-EE61-4E12-89D9-4AF536CF138E Method match GET -> POST
2025-04-25 08:25:23: 4D374BB0-EE61-4E12-89D9-4AF536CF138E Method match GET -> GET
2025-04-25 08:25:23: 4D374BB0-EE61-4E12-89D9-4AF536CF138E Matching /landing-page/ -> /companies/
2025-04-25 08:25:23: 4D374BB0-EE61-4E12-89D9-4AF536CF138E Method match GET -> GET
2025-04-25 08:25:23: 4D374BB0-EE61-4E12-89D9-4AF536CF138E Matching /landing-page/ -> /companies/{id}/
2025-04-25 08:25:23: 4D374BB0-EE61-4E12-89D9-4AF536CF138E Method match GET -> POST
2025-04-25 08:25:23: 4D374BB0-EE61-4E12-89D9-4AF536CF138E Method match GET -> DELETE
2025-04-25 08:25:23: 4D374BB0-EE61-4E12-89D9-4AF536CF138E Method match GET -> GET
2025-04-25 08:25:23: 4D374BB0-EE61-4E12-89D9-4AF536CF138E Matching /landing-page/ -> /create-site/
2025-04-25 08:25:23: 4D374BB0-EE61-4E12-89D9-4AF536CF138E Method match GET -> POST
2025-04-25 08:25:23: 4D374BB0-EE61-4E12-89D9-4AF536CF138E Method match GET -> GET
2025-04-25 08:25:23: 4D374BB0-EE61-4E12-89D9-4AF536CF138E Matching /landing-page/ -> /create-user/
2025-04-25 08:25:23: 4D374BB0-EE61-4E12-89D9-4AF536CF138E Method match GET -> POST
2025-04-25 08:25:23: 4D374BB0-EE61-4E12-89D9-4AF536CF138E Method match GET -> GET
2025-04-25 08:25:23: 4D374BB0-EE61-4E12-89D9-4AF536CF138E Matching /landing-page/ -> /landing-page/
2025-04-25 08:25:23: 4D374BB0-EE61-4E12-89D9-4AF536CF138E Matching /landing-page/ with /landing-page/
2025-04-25 08:25:23: 
2025-04-25 08:25:23: Landing page route hit!
2025-04-25 08:25:23: Project Root: /mnt/c/Users/Steven/Desktop/Monitoring/vendor/tina4stack/
2025-04-25 08:25:23: Document Root: /mnt/c/Users/Steven/Desktop/Monitoring/
2025-04-25 08:25:23: SubFolder: 
2025-04-25 08:25:24: Creating CSS file: default.css
2025-04-25 08:25:24: F5EFA64D-E94F-463E-8721-47CA9F3F2289 GET - /login
2025-04-25 08:25:24: TINA4: Twig Paths - Array(    [0] => cache    [1] => src/templates    [2] => src/public    [3] => src/assets    [4] => src/templates/snippets)
2025-04-25 08:25:24: F5EFA64D-E94F-463E-8721-47CA9F3F2289 Looking in routes for GET - /login
2025-04-25 08:25:24: F5EFA64D-E94F-463E-8721-47CA9F3F2289 Method match GET -> POST
2025-04-25 08:25:24: F5EFA64D-E94F-463E-8721-47CA9F3F2289 Method match GET -> GET
2025-04-25 08:25:24: F5EFA64D-E94F-463E-8721-47CA9F3F2289 Matching /login/ -> /companies/landing/
2025-04-25 08:25:24: F5EFA64D-E94F-463E-8721-47CA9F3F2289 Method match GET -> GET
2025-04-25 08:25:24: F5EFA64D-E94F-463E-8721-47CA9F3F2289 Matching /login/ -> /companies/form/
2025-04-25 08:25:24: F5EFA64D-E94F-463E-8721-47CA9F3F2289 Method match GET -> POST
2025-04-25 08:25:24: F5EFA64D-E94F-463E-8721-47CA9F3F2289 Method match GET -> GET
2025-04-25 08:25:24: F5EFA64D-E94F-463E-8721-47CA9F3F2289 Matching /login/ -> /companies/
2025-04-25 08:25:24: F5EFA64D-E94F-463E-8721-47CA9F3F2289 Method match GET -> GET
2025-04-25 08:25:24: F5EFA64D-E94F-463E-8721-47CA9F3F2289 Matching /login/ -> /companies/{id}/
2025-04-25 08:25:24: F5EFA64D-E94F-463E-8721-47CA9F3F2289 Method match GET -> POST
2025-04-25 08:25:24: F5EFA64D-E94F-463E-8721-47CA9F3F2289 Method match GET -> DELETE
2025-04-25 08:25:24: F5EFA64D-E94F-463E-8721-47CA9F3F2289 Method match GET -> GET
2025-04-25 08:25:24: F5EFA64D-E94F-463E-8721-47CA9F3F2289 Matching /login/ -> /create-site/
2025-04-25 08:25:24: F5EFA64D-E94F-463E-8721-47CA9F3F2289 Method match GET -> POST
2025-04-25 08:25:24: F5EFA64D-E94F-463E-8721-47CA9F3F2289 Method match GET -> GET
2025-04-25 08:25:24: F5EFA64D-E94F-463E-8721-47CA9F3F2289 Matching /login/ -> /create-user/
2025-04-25 08:25:24: F5EFA64D-E94F-463E-8721-47CA9F3F2289 Method match GET -> POST
2025-04-25 08:25:24: F5EFA64D-E94F-463E-8721-47CA9F3F2289 Method match GET -> GET
2025-04-25 08:25:24: F5EFA64D-E94F-463E-8721-47CA9F3F2289 Matching /login/ -> /landing-page/
2025-04-25 08:25:24: F5EFA64D-E94F-463E-8721-47CA9F3F2289 Method match GET -> GET
2025-04-25 08:25:24: F5EFA64D-E94F-463E-8721-47CA9F3F2289 Matching /login/ -> /login/
2025-04-25 08:25:24: F5EFA64D-E94F-463E-8721-47CA9F3F2289 Matching /login/ with /login/
2025-04-25 08:25:24: 
2025-04-25 08:25:30: Project Root: /mnt/c/Users/Steven/Desktop/Monitoring/vendor/tina4stack/
2025-04-25 08:25:30: Document Root: /mnt/c/Users/Steven/Desktop/Monitoring/
2025-04-25 08:25:30: SubFolder: 
2025-04-25 08:25:30: Creating CSS file: default.css
2025-04-25 08:25:30: A2C8BCA6-4B5A-43FB-9A70-CD6E46FCFEBB POST - /login
2025-04-25 08:25:30: TINA4: Twig Paths - Array(    [0] => cache    [1] => src/templates    [2] => src/public    [3] => src/assets    [4] => src/templates/snippets)
2025-04-25 08:25:30: Validating token
2025-04-25 08:25:30: Getting token payload
2025-04-25 08:25:30: A2C8BCA6-4B5A-43FB-9A70-CD6E46FCFEBB Looking in routes for POST - /login
2025-04-25 08:25:30: A2C8BCA6-4B5A-43FB-9A70-CD6E46FCFEBB Method match POST -> POST
2025-04-25 08:25:30: A2C8BCA6-4B5A-43FB-9A70-CD6E46FCFEBB Matching /login/ -> /check-site/
2025-04-25 08:25:30: A2C8BCA6-4B5A-43FB-9A70-CD6E46FCFEBB Method match POST -> GET
2025-04-25 08:25:30: A2C8BCA6-4B5A-43FB-9A70-CD6E46FCFEBB Method match POST -> GET
2025-04-25 08:25:30: A2C8BCA6-4B5A-43FB-9A70-CD6E46FCFEBB Method match POST -> POST
2025-04-25 08:25:30: A2C8BCA6-4B5A-43FB-9A70-CD6E46FCFEBB Matching /login/ -> /companies/
2025-04-25 08:25:30: A2C8BCA6-4B5A-43FB-9A70-CD6E46FCFEBB Method match POST -> GET
2025-04-25 08:25:30: A2C8BCA6-4B5A-43FB-9A70-CD6E46FCFEBB Method match POST -> GET
2025-04-25 08:25:30: A2C8BCA6-4B5A-43FB-9A70-CD6E46FCFEBB Method match POST -> POST
2025-04-25 08:25:30: A2C8BCA6-4B5A-43FB-9A70-CD6E46FCFEBB Matching /login/ -> /companies/{id}/
2025-04-25 08:25:30: A2C8BCA6-4B5A-43FB-9A70-CD6E46FCFEBB Method match POST -> DELETE
2025-04-25 08:25:30: A2C8BCA6-4B5A-43FB-9A70-CD6E46FCFEBB Method match POST -> GET
2025-04-25 08:25:30: A2C8BCA6-4B5A-43FB-9A70-CD6E46FCFEBB Method match POST -> POST
2025-04-25 08:25:30: A2C8BCA6-4B5A-43FB-9A70-CD6E46FCFEBB Matching /login/ -> /create-site/
2025-04-25 08:25:30: A2C8BCA6-4B5A-43FB-9A70-CD6E46FCFEBB Method match POST -> GET
2025-04-25 08:25:31: A2C8BCA6-4B5A-43FB-9A70-CD6E46FCFEBB Method match POST -> POST
2025-04-25 08:25:31: A2C8BCA6-4B5A-43FB-9A70-CD6E46FCFEBB Matching /login/ -> /create-user/
2025-04-25 08:25:31: A2C8BCA6-4B5A-43FB-9A70-CD6E46FCFEBB Method match POST -> GET
2025-04-25 08:25:31: A2C8BCA6-4B5A-43FB-9A70-CD6E46FCFEBB Method match POST -> GET
2025-04-25 08:25:31: A2C8BCA6-4B5A-43FB-9A70-CD6E46FCFEBB Method match POST -> POST
2025-04-25 08:25:31: A2C8BCA6-4B5A-43FB-9A70-CD6E46FCFEBB Matching /login/ -> /login/
2025-04-25 08:25:31: A2C8BCA6-4B5A-43FB-9A70-CD6E46FCFEBB Matching /login/ with /login/
2025-04-25 08:25:31: username=steve&password=plss1234&formToken=eyJhbGciOiJSUzI1NiJ9.eyJmb3JtTmFtZSI6ImxvZ2luIiwiZXhwaXJlcyI6MTc0NTU2MjkyNSwicGF5bG9hZCI6IlwvbG9naW4iLCJyZXF1ZXN0VVJJIjoiXC9sb2dpbiJ9.QMr3I6FjoyFRnrVCfE4LWUepMWVr2dSTIzUwaJ_Zbngd1QhKtgIMp5l2ivbMYEu3z-QFh-6kUZ3AQyHUGx4ZDh7inY31f73lh4RE9GXBdfSf1BzKevGhBqhIqSJxycKi9sVckzaVmUlotQq3HMTATpnzOW8LrXwR7l5Zy3dRpCma9UXTSMHrocY6RNR3xvXjOjuIZaGwLq-9i361Y2cOQOqZkQd01Lri-M8piiXBPI81wE8YJGRUdt15NSdH3znVtIgGkivLM6eZYjnBaQhAzceoLBFQk_gu-5sDkmUvj595vGUGWjRxt_FvyPZHNczvuuZTtRenbdIeKSaxWsVRVw
2025-04-25 08:25:31: Validating token
2025-04-25 08:25:31: Getting token payload
2025-04-25 08:25:31: Login attempt for user: steve
2025-04-25 08:25:31: Creating select * from users where username = 'steve' into cache
2025-04-25 08:25:31: Project Root: /mnt/c/Users/Steven/Desktop/Monitoring/vendor/tina4stack/
2025-04-25 08:25:31: Document Root: /mnt/c/Users/Steven/Desktop/Monitoring/
2025-04-25 08:25:31: SubFolder: 
2025-04-25 08:25:31: Creating CSS file: default.css
2025-04-25 08:25:31: 4202F189-6C14-4FB6-91DB-8157A8E1FA50 GET - /landing-page
2025-04-25 08:25:31: TINA4: Twig Paths - Array(    [0] => cache    [1] => src/templates    [2] => src/public    [3] => src/assets    [4] => src/templates/snippets)
2025-04-25 08:25:31: 4202F189-6C14-4FB6-91DB-8157A8E1FA50 Looking in routes for GET - /landing-page
2025-04-25 08:25:31: 4202F189-6C14-4FB6-91DB-8157A8E1FA50 Method match GET -> POST
2025-04-25 08:25:31: 4202F189-6C14-4FB6-91DB-8157A8E1FA50 Method match GET -> GET
2025-04-25 08:25:31: 4202F189-6C14-4FB6-91DB-8157A8E1FA50 Matching /landing-page/ -> /companies/landing/
2025-04-25 08:25:31: 4202F189-6C14-4FB6-91DB-8157A8E1FA50 Method match GET -> GET
2025-04-25 08:25:31: 4202F189-6C14-4FB6-91DB-8157A8E1FA50 Matching /landing-page/ -> /companies/form/
2025-04-25 08:25:31: 4202F189-6C14-4FB6-91DB-8157A8E1FA50 Method match GET -> POST
2025-04-25 08:25:31: 4202F189-6C14-4FB6-91DB-8157A8E1FA50 Method match GET -> GET
2025-04-25 08:25:31: 4202F189-6C14-4FB6-91DB-8157A8E1FA50 Matching /landing-page/ -> /companies/
2025-04-25 08:25:31: 4202F189-6C14-4FB6-91DB-8157A8E1FA50 Method match GET -> GET
2025-04-25 08:25:31: 4202F189-6C14-4FB6-91DB-8157A8E1FA50 Matching /landing-page/ -> /companies/{id}/
2025-04-25 08:25:31: 4202F189-6C14-4FB6-91DB-8157A8E1FA50 Method match GET -> POST
2025-04-25 08:25:31: 4202F189-6C14-4FB6-91DB-8157A8E1FA50 Method match GET -> DELETE
2025-04-25 08:25:31: 4202F189-6C14-4FB6-91DB-8157A8E1FA50 Method match GET -> GET
2025-04-25 08:25:31: 4202F189-6C14-4FB6-91DB-8157A8E1FA50 Matching /landing-page/ -> /create-site/
2025-04-25 08:25:31: 4202F189-6C14-4FB6-91DB-8157A8E1FA50 Method match GET -> POST
2025-04-25 08:25:31: 4202F189-6C14-4FB6-91DB-8157A8E1FA50 Method match GET -> GET
2025-04-25 08:25:31: 4202F189-6C14-4FB6-91DB-8157A8E1FA50 Matching /landing-page/ -> /create-user/
2025-04-25 08:25:31: 4202F189-6C14-4FB6-91DB-8157A8E1FA50 Method match GET -> POST
2025-04-25 08:25:31: 4202F189-6C14-4FB6-91DB-8157A8E1FA50 Method match GET -> GET
2025-04-25 08:25:31: 4202F189-6C14-4FB6-91DB-8157A8E1FA50 Matching /landing-page/ -> /landing-page/
2025-04-25 08:25:31: 4202F189-6C14-4FB6-91DB-8157A8E1FA50 Matching /landing-page/ with /landing-page/
2025-04-25 08:25:31: 
2025-04-25 08:25:31: Landing page route hit!
2025-04-25 08:25:31: Creating select * from users where user_id = '1' into cache
2025-04-25 08:25:31: User company ID: 1
2025-04-25 08:25:31: Raw monitoredSites output:
2025-04-25 08:25:31: Raw site data: [{"siteId":"8","site_id":"8","companyId":"1","company_id":"1","typeId":"1","type_id":"1","url":"https:\/\/www.apples.com","siteName":"test","site_name":"test","status":"up","createdAt":"23-04-2025 08:30:54","created_at":"23-04-2025 08:30:54"},{"siteId":"9","site_id":"9","companyId":"1","company_id":"1","typeId":"1","type_id":"1","url":"https:www.aghdsgasdhgas.com","siteName":"fail test","site_name":"fail test","status":"down","createdAt":"23-04-2025 08:31:30","created_at":"23-04-2025 08:31:30"},{"siteId":"10","site_id":"10","companyId":"1","company_id":"1","typeId":"2","type_id":"2","url":"https:\/\/stevenknobel.netlify.app\/","siteName":"Steve netlify test-GET","site_name":"Steve netlify test-GET","status":"up","createdAt":"23-04-2025 08:32:11","created_at":"23-04-2025 08:32:11"},{"siteId":"11","site_id":"11","companyId":"1","company_id":"1","typeId":"3","type_id":"3","url":"https:\/\/stevenknobel.netlify.app\/","siteName":"Steve netlify test-POST","site_name":"Steve netlify test-POST","status":"down","createdAt":"23-04-2025 08:32:44","created_at":"23-04-2025 08:32:44"},{"siteId":"12","site_id":"12","companyId":"1","company_id":"1","typeId":"1","type_id":"1","url":"https:\/\/stevenknobel.netlify.app\/","siteName":"Steve netlify test-ping","site_name":"Steve netlify test-ping","status":"down","createdAt":"23-04-2025 08:33:03","created_at":"23-04-2025 08:33:03"}]
2025-04-25 08:25:31: Raw SQL: select * from monitored_sites where company_id = 1
2025-04-25 08:25:31: Creating select * from monitoring where site_id = '8' ORDER BY created_at DESC into cache
2025-04-25 08:25:31: Latest monitoring data for site test (ID: 8): {"monitoringId":"2","siteId":"8","typeId":"1","status":"up","createdAt":"25-04-2025 08:25:01"}
2025-04-25 08:25:31: Creating select * from monitoring_types where type_id = '1' into cache
2025-04-25 08:25:31: Creating select * from monitoring where site_id = '9' ORDER BY created_at DESC into cache
2025-04-25 08:25:31: Latest monitoring data for site fail test (ID: 9): {"monitoringId":"3","siteId":"9","typeId":"1","status":"down","createdAt":"25-04-2025 08:25:01"}
2025-04-25 08:25:31: Creating select * from monitoring_types where type_id = '1' into cache
2025-04-25 08:25:31: Creating select * from monitoring where site_id = '10' ORDER BY created_at DESC into cache
2025-04-25 08:25:31: Latest monitoring data for site Steve netlify test-GET (ID: 10): {"monitoringId":"4","siteId":"10","typeId":"2","status":"up","createdAt":"25-04-2025 08:25:01"}
2025-04-25 08:25:32: Creating select * from monitoring_types where type_id = '2' into cache
2025-04-25 08:25:32: Creating select * from monitoring where site_id = '11' ORDER BY created_at DESC into cache
2025-04-25 08:25:32: Latest monitoring data for site Steve netlify test-POST (ID: 11): {"monitoringId":"5","siteId":"11","typeId":"3","status":"down","createdAt":"25-04-2025 08:25:06"}
2025-04-25 08:25:32: Creating select * from monitoring_types where type_id = '3' into cache
2025-04-25 08:25:32: Creating select * from monitoring where site_id = '12' ORDER BY created_at DESC into cache
2025-04-25 08:25:32: Latest monitoring data for site Steve netlify test-ping (ID: 12): {"monitoringId":"6","siteId":"12","typeId":"1","status":"down","createdAt":"25-04-2025 08:25:09"}
2025-04-25 08:25:32: Creating select * from monitoring_types where type_id = '1' into cache
2025-04-25 08:25:32: Sites with monitoring data: [{"siteId":"8","siteName":"test","url":"https:\/\/www.apples.com","status":"up","type":"ping","typeId":"1","checkedAt":"25-04-2025 08:25:01"},{"siteId":"9","siteName":"fail test","url":"https:www.aghdsgasdhgas.com","status":"down","type":"ping","typeId":"1","checkedAt":"25-04-2025 08:25:01"},{"siteId":"10","siteName":"Steve netlify test-GET","url":"https:\/\/stevenknobel.netlify.app\/","status":"up","type":"GET","typeId":"2","checkedAt":"25-04-2025 08:25:01"},{"siteId":"11","siteName":"Steve netlify test-POST","url":"https:\/\/stevenknobel.netlify.app\/","status":"down","type":"POST","typeId":"3","checkedAt":"25-04-2025 08:25:06"},{"siteId":"12","siteName":"Steve netlify test-ping","url":"https:\/\/stevenknobel.netlify.app\/","status":"down","type":"ping","typeId":"1","checkedAt":"25-04-2025 08:25:09"}]
2025-04-25 08:30:23: Project Root: /mnt/c/Users/Steven/Desktop/Monitoring/vendor/tina4stack/
2025-04-25 08:30:23: Document Root: /mnt/c/Users/Steven/Desktop/Monitoring/
2025-04-25 08:30:23: SubFolder: 
2025-04-25 08:30:23: Creating CSS file: default.css
2025-04-25 08:30:23: 79DA0655-BC5B-45C7-B34A-A915572BF0FB GET - /login
2025-04-25 08:30:23: TINA4: Twig Paths - Array(    [0] => cache    [1] => src/templates    [2] => src/public    [3] => src/assets    [4] => src/templates/snippets)
2025-04-25 08:30:24: 79DA0655-BC5B-45C7-B34A-A915572BF0FB Looking in routes for GET - /login
2025-04-25 08:30:24: 79DA0655-BC5B-45C7-B34A-A915572BF0FB Method match GET -> POST
2025-04-25 08:30:24: 79DA0655-BC5B-45C7-B34A-A915572BF0FB Method match GET -> GET
2025-04-25 08:30:24: 79DA0655-BC5B-45C7-B34A-A915572BF0FB Matching /login/ -> /companies/landing/
2025-04-25 08:30:24: 79DA0655-BC5B-45C7-B34A-A915572BF0FB Method match GET -> GET
2025-04-25 08:30:24: 79DA0655-BC5B-45C7-B34A-A915572BF0FB Matching /login/ -> /companies/form/
2025-04-25 08:30:24: 79DA0655-BC5B-45C7-B34A-A915572BF0FB Method match GET -> POST
2025-04-25 08:30:24: 79DA0655-BC5B-45C7-B34A-A915572BF0FB Method match GET -> GET
2025-04-25 08:30:24: 79DA0655-BC5B-45C7-B34A-A915572BF0FB Matching /login/ -> /companies/
2025-04-25 08:30:24: 79DA0655-BC5B-45C7-B34A-A915572BF0FB Method match GET -> GET
2025-04-25 08:30:24: 79DA0655-BC5B-45C7-B34A-A915572BF0FB Matching /login/ -> /companies/{id}/
2025-04-25 08:30:24: 79DA0655-BC5B-45C7-B34A-A915572BF0FB Method match GET -> POST
2025-04-25 08:30:24: 79DA0655-BC5B-45C7-B34A-A915572BF0FB Method match GET -> DELETE
2025-04-25 08:30:24: 79DA0655-BC5B-45C7-B34A-A915572BF0FB Method match GET -> GET
2025-04-25 08:30:24: 79DA0655-BC5B-45C7-B34A-A915572BF0FB Matching /login/ -> /create-site/
2025-04-25 08:30:24: 79DA0655-BC5B-45C7-B34A-A915572BF0FB Method match GET -> POST
2025-04-25 08:30:24: 79DA0655-BC5B-45C7-B34A-A915572BF0FB Method match GET -> GET
2025-04-25 08:30:24: 79DA0655-BC5B-45C7-B34A-A915572BF0FB Matching /login/ -> /create-user/
2025-04-25 08:30:24: 79DA0655-BC5B-45C7-B34A-A915572BF0FB Method match GET -> POST
2025-04-25 08:30:24: 79DA0655-BC5B-45C7-B34A-A915572BF0FB Method match GET -> GET
2025-04-25 08:30:24: 79DA0655-BC5B-45C7-B34A-A915572BF0FB Matching /login/ -> /landing-page/
2025-04-25 08:30:24: 79DA0655-BC5B-45C7-B34A-A915572BF0FB Method match GET -> GET
2025-04-25 08:30:24: 79DA0655-BC5B-45C7-B34A-A915572BF0FB Matching /login/ -> /login/
2025-04-25 08:30:24: 79DA0655-BC5B-45C7-B34A-A915572BF0FB Matching /login/ with /login/
2025-04-25 08:30:24: 
2025-04-25 10:37:14: Project Root: /mnt/c/Users/Steven/Desktop/Monitoring/vendor/tina4stack/
2025-04-25 10:37:14: Document Root: /mnt/c/Users/Steven/Desktop/Monitoring/
2025-04-25 10:37:14: SubFolder: 
2025-04-25 10:37:14: Creating CSS file: default.css
2025-04-25 10:37:14: 232BD50B-8597-4919-B36A-04004997F69B GET - /landing-page
2025-04-25 10:37:15: TINA4: Twig Paths - Array(    [0] => cache    [1] => src/templates    [2] => src/public    [3] => src/assets    [4] => src/templates/snippets)
2025-04-25 10:37:15: 232BD50B-8597-4919-B36A-04004997F69B Looking in routes for GET - /landing-page
2025-04-25 10:37:15: 232BD50B-8597-4919-B36A-04004997F69B Method match GET -> POST
2025-04-25 10:37:15: 232BD50B-8597-4919-B36A-04004997F69B Method match GET -> GET
2025-04-25 10:37:15: 232BD50B-8597-4919-B36A-04004997F69B Matching /landing-page/ -> /companies/landing/
2025-04-25 10:37:15: 232BD50B-8597-4919-B36A-04004997F69B Method match GET -> GET
2025-04-25 10:37:15: 232BD50B-8597-4919-B36A-04004997F69B Matching /landing-page/ -> /companies/form/
2025-04-25 10:37:15: 232BD50B-8597-4919-B36A-04004997F69B Method match GET -> POST
2025-04-25 10:37:15: 232BD50B-8597-4919-B36A-04004997F69B Method match GET -> GET
2025-04-25 10:37:15: 232BD50B-8597-4919-B36A-04004997F69B Matching /landing-page/ -> /companies/
2025-04-25 10:37:15: 232BD50B-8597-4919-B36A-04004997F69B Method match GET -> GET
2025-04-25 10:37:15: 232BD50B-8597-4919-B36A-04004997F69B Matching /landing-page/ -> /companies/{id}/
2025-04-25 10:37:15: 232BD50B-8597-4919-B36A-04004997F69B Method match GET -> POST
2025-04-25 10:37:15: 232BD50B-8597-4919-B36A-04004997F69B Method match GET -> DELETE
2025-04-25 10:37:15: 232BD50B-8597-4919-B36A-04004997F69B Method match GET -> GET
2025-04-25 10:37:15: 232BD50B-8597-4919-B36A-04004997F69B Matching /landing-page/ -> /create-site/
2025-04-25 10:37:15: 232BD50B-8597-4919-B36A-04004997F69B Method match GET -> POST
2025-04-25 10:37:15: 232BD50B-8597-4919-B36A-04004997F69B Method match GET -> GET
2025-04-25 10:37:15: 232BD50B-8597-4919-B36A-04004997F69B Matching /landing-page/ -> /create-user/
2025-04-25 10:37:15: 232BD50B-8597-4919-B36A-04004997F69B Method match GET -> POST
2025-04-25 10:37:15: 232BD50B-8597-4919-B36A-04004997F69B Method match GET -> GET
2025-04-25 10:37:15: 232BD50B-8597-4919-B36A-04004997F69B Matching /landing-page/ -> /landing-page/
2025-04-25 10:37:15: 232BD50B-8597-4919-B36A-04004997F69B Matching /landing-page/ with /landing-page/
2025-04-25 10:37:15: 
2025-04-25 10:37:15: Landing page route hit!
2025-04-25 10:37:15: Project Root: /mnt/c/Users/Steven/Desktop/Monitoring/vendor/tina4stack/
2025-04-25 10:37:15: Document Root: /mnt/c/Users/Steven/Desktop/Monitoring/
2025-04-25 10:37:15: SubFolder: 
2025-04-25 10:37:15: Creating CSS file: default.css
2025-04-25 10:37:15: 61D1DD54-B585-4D6A-A57A-D0CA8CA4D5B2 GET - /login
2025-04-25 10:37:15: TINA4: Twig Paths - Array(    [0] => cache    [1] => src/templates    [2] => src/public    [3] => src/assets    [4] => src/templates/snippets)
2025-04-25 10:37:16: 61D1DD54-B585-4D6A-A57A-D0CA8CA4D5B2 Looking in routes for GET - /login
2025-04-25 10:37:16: 61D1DD54-B585-4D6A-A57A-D0CA8CA4D5B2 Method match GET -> POST
2025-04-25 10:37:16: 61D1DD54-B585-4D6A-A57A-D0CA8CA4D5B2 Method match GET -> GET
2025-04-25 10:37:16: 61D1DD54-B585-4D6A-A57A-D0CA8CA4D5B2 Matching /login/ -> /companies/landing/
2025-04-25 10:37:16: 61D1DD54-B585-4D6A-A57A-D0CA8CA4D5B2 Method match GET -> GET
2025-04-25 10:37:16: 61D1DD54-B585-4D6A-A57A-D0CA8CA4D5B2 Matching /login/ -> /companies/form/
2025-04-25 10:37:16: 61D1DD54-B585-4D6A-A57A-D0CA8CA4D5B2 Method match GET -> POST
2025-04-25 10:37:16: 61D1DD54-B585-4D6A-A57A-D0CA8CA4D5B2 Method match GET -> GET
2025-04-25 10:37:16: 61D1DD54-B585-4D6A-A57A-D0CA8CA4D5B2 Matching /login/ -> /companies/
2025-04-25 10:37:16: 61D1DD54-B585-4D6A-A57A-D0CA8CA4D5B2 Method match GET -> GET
2025-04-25 10:37:16: 61D1DD54-B585-4D6A-A57A-D0CA8CA4D5B2 Matching /login/ -> /companies/{id}/
2025-04-25 10:37:16: 61D1DD54-B585-4D6A-A57A-D0CA8CA4D5B2 Method match GET -> POST
2025-04-25 10:37:16: 61D1DD54-B585-4D6A-A57A-D0CA8CA4D5B2 Method match GET -> DELETE
2025-04-25 10:37:16: 61D1DD54-B585-4D6A-A57A-D0CA8CA4D5B2 Method match GET -> GET
2025-04-25 10:37:16: 61D1DD54-B585-4D6A-A57A-D0CA8CA4D5B2 Matching /login/ -> /create-site/
2025-04-25 10:37:16: 61D1DD54-B585-4D6A-A57A-D0CA8CA4D5B2 Method match GET -> POST
2025-04-25 10:37:16: 61D1DD54-B585-4D6A-A57A-D0CA8CA4D5B2 Method match GET -> GET
2025-04-25 10:37:16: 61D1DD54-B585-4D6A-A57A-D0CA8CA4D5B2 Matching /login/ -> /create-user/
2025-04-25 10:37:16: 61D1DD54-B585-4D6A-A57A-D0CA8CA4D5B2 Method match GET -> POST
2025-04-25 10:37:16: 61D1DD54-B585-4D6A-A57A-D0CA8CA4D5B2 Method match GET -> GET
2025-04-25 10:37:16: 61D1DD54-B585-4D6A-A57A-D0CA8CA4D5B2 Matching /login/ -> /landing-page/
2025-04-25 10:37:16: 61D1DD54-B585-4D6A-A57A-D0CA8CA4D5B2 Method match GET -> GET
2025-04-25 10:37:16: 61D1DD54-B585-4D6A-A57A-D0CA8CA4D5B2 Matching /login/ -> /login/
2025-04-25 10:37:16: 61D1DD54-B585-4D6A-A57A-D0CA8CA4D5B2 Matching /login/ with /login/
2025-04-25 10:37:16: 
2025-04-25 10:37:42: Project Root: /mnt/c/Users/Steven/Desktop/Monitoring/vendor/tina4stack/
2025-04-25 10:37:42: Document Root: /mnt/c/Users/Steven/Desktop/Monitoring/
2025-04-25 10:37:42: SubFolder: 
2025-04-25 10:37:42: Creating CSS file: default.css
2025-04-25 10:37:42: 7F599AAA-F398-4684-8A41-17AA4EF3DA98 POST - /login
2025-04-25 10:37:42: TINA4: Twig Paths - Array(    [0] => cache    [1] => src/templates    [2] => src/public    [3] => src/assets    [4] => src/templates/snippets)
2025-04-25 10:37:42: Validating token
2025-04-25 10:37:42: Getting token payload
2025-04-25 10:37:42: 7F599AAA-F398-4684-8A41-17AA4EF3DA98 Looking in routes for POST - /login
2025-04-25 10:37:42: 7F599AAA-F398-4684-8A41-17AA4EF3DA98 Method match POST -> POST
2025-04-25 10:37:42: 7F599AAA-F398-4684-8A41-17AA4EF3DA98 Matching /login/ -> /check-site/
2025-04-25 10:37:42: 7F599AAA-F398-4684-8A41-17AA4EF3DA98 Method match POST -> GET
2025-04-25 10:37:42: 7F599AAA-F398-4684-8A41-17AA4EF3DA98 Method match POST -> GET
2025-04-25 10:37:42: 7F599AAA-F398-4684-8A41-17AA4EF3DA98 Method match POST -> POST
2025-04-25 10:37:42: 7F599AAA-F398-4684-8A41-17AA4EF3DA98 Matching /login/ -> /companies/
2025-04-25 10:37:42: 7F599AAA-F398-4684-8A41-17AA4EF3DA98 Method match POST -> GET
2025-04-25 10:37:42: 7F599AAA-F398-4684-8A41-17AA4EF3DA98 Method match POST -> GET
2025-04-25 10:37:42: 7F599AAA-F398-4684-8A41-17AA4EF3DA98 Method match POST -> POST
2025-04-25 10:37:42: 7F599AAA-F398-4684-8A41-17AA4EF3DA98 Matching /login/ -> /companies/{id}/
2025-04-25 10:37:42: 7F599AAA-F398-4684-8A41-17AA4EF3DA98 Method match POST -> DELETE
2025-04-25 10:37:42: 7F599AAA-F398-4684-8A41-17AA4EF3DA98 Method match POST -> GET
2025-04-25 10:37:43: 7F599AAA-F398-4684-8A41-17AA4EF3DA98 Method match POST -> POST
2025-04-25 10:37:43: 7F599AAA-F398-4684-8A41-17AA4EF3DA98 Matching /login/ -> /create-site/
2025-04-25 10:37:43: 7F599AAA-F398-4684-8A41-17AA4EF3DA98 Method match POST -> GET
2025-04-25 10:37:43: 7F599AAA-F398-4684-8A41-17AA4EF3DA98 Method match POST -> POST
2025-04-25 10:37:43: 7F599AAA-F398-4684-8A41-17AA4EF3DA98 Matching /login/ -> /create-user/
2025-04-25 10:37:43: 7F599AAA-F398-4684-8A41-17AA4EF3DA98 Method match POST -> GET
2025-04-25 10:37:43: 7F599AAA-F398-4684-8A41-17AA4EF3DA98 Method match POST -> GET
2025-04-25 10:37:43: 7F599AAA-F398-4684-8A41-17AA4EF3DA98 Method match POST -> POST
2025-04-25 10:37:43: 7F599AAA-F398-4684-8A41-17AA4EF3DA98 Matching /login/ -> /login/
2025-04-25 10:37:43: 7F599AAA-F398-4684-8A41-17AA4EF3DA98 Matching /login/ with /login/
2025-04-25 10:37:43: username=steve&password=plss1234&formToken=eyJhbGciOiJSUzI1NiJ9.eyJmb3JtTmFtZSI6ImxvZ2luIiwiZXhwaXJlcyI6MTc0NTU3MDgzNywiaHR0cFJlZmVyZXIiOiJodHRwOlwvXC8xMjcuMC4wLjE6NzE0NVwvbG9naW4iLCJwYXlsb2FkIjoiXC9sb2dpbiIsInJlcXVlc3RVUkkiOiJcL2xvZ2luIn0.MlSwd_h4I0ploqyZVOH-4NyOYi6WoR2RK2psyWp2AaTh0DQt-yzlKneMsvEAl3FS6k8qYHglO4v5U0ElEdAzlwywfmYj1sjDuGRas43OqI_G7q-fIVc1ZsnMDbyKywphaFCHeTLboxTIDoihLg7wemAU6SvZ8q5SLBRNxp3SwfolcScQtzsc_YT0Vr2y6rObVPCE9bGZH1ktfHVq13342ys-s-sjsJVhfCCw1t4XhOjJDz4eu_Z23QUhlg6zA7xuCe0smO1N1VllDwAGyCMFVIHI9VPIB7bCNTnxcrfFxZLdxnPBXAUAoY6692lBRXzif1wgq2Kxsg7G6f7Wc-9R_Q
2025-04-25 10:37:43: Validating token
2025-04-25 10:37:43: Getting token payload
2025-04-25 10:37:43: Login attempt for user: steve
2025-04-25 10:37:43: Creating select * from users where username = 'steve' into cache
2025-04-25 10:37:43: Project Root: /mnt/c/Users/Steven/Desktop/Monitoring/vendor/tina4stack/
2025-04-25 10:37:43: Document Root: /mnt/c/Users/Steven/Desktop/Monitoring/
2025-04-25 10:37:43: SubFolder: 
2025-04-25 10:37:43: Creating CSS file: default.css
2025-04-25 10:37:43: 4F214F4B-3A09-4222-A718-8F3C1F202FF1 GET - /landing-page
2025-04-25 10:37:43: TINA4: Twig Paths - Array(    [0] => cache    [1] => src/templates    [2] => src/public    [3] => src/assets    [4] => src/templates/snippets)
2025-04-25 10:37:43: 4F214F4B-3A09-4222-A718-8F3C1F202FF1 Looking in routes for GET - /landing-page
2025-04-25 10:37:43: 4F214F4B-3A09-4222-A718-8F3C1F202FF1 Method match GET -> POST
2025-04-25 10:37:43: 4F214F4B-3A09-4222-A718-8F3C1F202FF1 Method match GET -> GET
2025-04-25 10:37:43: 4F214F4B-3A09-4222-A718-8F3C1F202FF1 Matching /landing-page/ -> /companies/landing/
2025-04-25 10:37:43: 4F214F4B-3A09-4222-A718-8F3C1F202FF1 Method match GET -> GET
2025-04-25 10:37:43: 4F214F4B-3A09-4222-A718-8F3C1F202FF1 Matching /landing-page/ -> /companies/form/
2025-04-25 10:37:43: 4F214F4B-3A09-4222-A718-8F3C1F202FF1 Method match GET -> POST
2025-04-25 10:37:43: 4F214F4B-3A09-4222-A718-8F3C1F202FF1 Method match GET -> GET
2025-04-25 10:37:43: 4F214F4B-3A09-4222-A718-8F3C1F202FF1 Matching /landing-page/ -> /companies/
2025-04-25 10:37:43: 4F214F4B-3A09-4222-A718-8F3C1F202FF1 Method match GET -> GET
2025-04-25 10:37:43: 4F214F4B-3A09-4222-A718-8F3C1F202FF1 Matching /landing-page/ -> /companies/{id}/
2025-04-25 10:37:43: 4F214F4B-3A09-4222-A718-8F3C1F202FF1 Method match GET -> POST
2025-04-25 10:37:43: 4F214F4B-3A09-4222-A718-8F3C1F202FF1 Method match GET -> DELETE
2025-04-25 10:37:43: 4F214F4B-3A09-4222-A718-8F3C1F202FF1 Method match GET -> GET
2025-04-25 10:37:43: 4F214F4B-3A09-4222-A718-8F3C1F202FF1 Matching /landing-page/ -> /create-site/
2025-04-25 10:37:43: 4F214F4B-3A09-4222-A718-8F3C1F202FF1 Method match GET -> POST
2025-04-25 10:37:43: 4F214F4B-3A09-4222-A718-8F3C1F202FF1 Method match GET -> GET
2025-04-25 10:37:43: 4F214F4B-3A09-4222-A718-8F3C1F202FF1 Matching /landing-page/ -> /create-user/
2025-04-25 10:37:43: 4F214F4B-3A09-4222-A718-8F3C1F202FF1 Method match GET -> POST
2025-04-25 10:37:43: 4F214F4B-3A09-4222-A718-8F3C1F202FF1 Method match GET -> GET
2025-04-25 10:37:43: 4F214F4B-3A09-4222-A718-8F3C1F202FF1 Matching /landing-page/ -> /landing-page/
2025-04-25 10:37:43: 4F214F4B-3A09-4222-A718-8F3C1F202FF1 Matching /landing-page/ with /landing-page/
2025-04-25 10:37:43: 
2025-04-25 10:37:43: Landing page route hit!
2025-04-25 10:37:43: Creating select * from users where user_id = '1' into cache
2025-04-25 10:37:43: User company ID: 1
2025-04-25 10:37:43: Raw monitoredSites output:
2025-04-25 10:37:43: Raw site data: [{"siteId":"8","site_id":"8","companyId":"1","company_id":"1","typeId":"1","type_id":"1","url":"https:\/\/www.apples.com","siteName":"test","site_name":"test","status":"up","createdAt":"23-04-2025 08:30:54","created_at":"23-04-2025 08:30:54"},{"siteId":"9","site_id":"9","companyId":"1","company_id":"1","typeId":"1","type_id":"1","url":"https:www.aghdsgasdhgas.com","siteName":"fail test","site_name":"fail test","status":"down","createdAt":"23-04-2025 08:31:30","created_at":"23-04-2025 08:31:30"},{"siteId":"10","site_id":"10","companyId":"1","company_id":"1","typeId":"2","type_id":"2","url":"https:\/\/stevenknobel.netlify.app\/","siteName":"Steve netlify test-GET","site_name":"Steve netlify test-GET","status":"up","createdAt":"23-04-2025 08:32:11","created_at":"23-04-2025 08:32:11"},{"siteId":"11","site_id":"11","companyId":"1","company_id":"1","typeId":"3","type_id":"3","url":"https:\/\/stevenknobel.netlify.app\/","siteName":"Steve netlify test-POST","site_name":"Steve netlify test-POST","status":"down","createdAt":"23-04-2025 08:32:44","created_at":"23-04-2025 08:32:44"},{"siteId":"12","site_id":"12","companyId":"1","company_id":"1","typeId":"1","type_id":"1","url":"https:\/\/stevenknobel.netlify.app\/","siteName":"Steve netlify test-ping","site_name":"Steve netlify test-ping","status":"down","createdAt":"23-04-2025 08:33:03","created_at":"23-04-2025 08:33:03"}]
2025-04-25 10:37:43: Raw SQL: select * from monitored_sites where company_id = 1
2025-04-25 10:37:43: Creating select * from monitoring where site_id = '8' ORDER BY created_at DESC into cache
2025-04-25 10:37:44: Latest monitoring data for site test (ID: 8): {"monitoringId":"2","siteId":"8","typeId":"1","status":"up","createdAt":"25-04-2025 10:35:01"}
2025-04-25 10:37:44: Creating select * from monitoring_types where type_id = '1' into cache
2025-04-25 10:37:44: Creating select * from monitoring where site_id = '9' ORDER BY created_at DESC into cache
2025-04-25 10:37:44: Latest monitoring data for site fail test (ID: 9): {"monitoringId":"3","siteId":"9","typeId":"1","status":"down","createdAt":"25-04-2025 10:35:02"}
2025-04-25 10:37:44: Creating select * from monitoring_types where type_id = '1' into cache
2025-04-25 10:37:44: Creating select * from monitoring where site_id = '10' ORDER BY created_at DESC into cache
2025-04-25 10:37:44: Latest monitoring data for site Steve netlify test-GET (ID: 10): {"monitoringId":"4","siteId":"10","typeId":"2","status":"up","createdAt":"25-04-2025 10:35:02"}
2025-04-25 10:37:44: Creating select * from monitoring_types where type_id = '2' into cache
2025-04-25 10:37:44: Creating select * from monitoring where site_id = '11' ORDER BY created_at DESC into cache
2025-04-25 10:37:44: Latest monitoring data for site Steve netlify test-POST (ID: 11): {"monitoringId":"5","siteId":"11","typeId":"3","status":"down","createdAt":"25-04-2025 10:35:04"}
2025-04-25 10:37:44: Creating select * from monitoring_types where type_id = '3' into cache
2025-04-25 10:37:44: Creating select * from monitoring where site_id = '12' ORDER BY created_at DESC into cache
2025-04-25 10:37:44: Latest monitoring data for site Steve netlify test-ping (ID: 12): {"monitoringId":"6","siteId":"12","typeId":"1","status":"down","createdAt":"25-04-2025 10:35:06"}
2025-04-25 10:37:44: Creating select * from monitoring_types where type_id = '1' into cache
2025-04-25 10:37:44: Sites with monitoring data: [{"siteId":"8","siteName":"test","url":"https:\/\/www.apples.com","status":"up","type":"ping","typeId":"1","checkedAt":"25-04-2025 10:35:01"},{"siteId":"9","siteName":"fail test","url":"https:www.aghdsgasdhgas.com","status":"down","type":"ping","typeId":"1","checkedAt":"25-04-2025 10:35:02"},{"siteId":"10","siteName":"Steve netlify test-GET","url":"https:\/\/stevenknobel.netlify.app\/","status":"up","type":"GET","typeId":"2","checkedAt":"25-04-2025 10:35:02"},{"siteId":"11","siteName":"Steve netlify test-POST","url":"https:\/\/stevenknobel.netlify.app\/","status":"down","type":"POST","typeId":"3","checkedAt":"25-04-2025 10:35:04"},{"siteId":"12","siteName":"Steve netlify test-ping","url":"https:\/\/stevenknobel.netlify.app\/","status":"down","type":"ping","typeId":"1","checkedAt":"25-04-2025 10:35:06"}]
